{"C:/code/mock/src/mockData.ts": {"path":"C:/code/mock/src/mockData.ts","statementMap":{"0":{"start":{"line":7,"column":4},"end":{"line":17,"column":null}},"1":{"start":{"line":25,"column":8},"end":{"line":27,"column":null}},"2":{"start":{"line":26,"column":12},"end":{"line":26,"column":null}},"3":{"start":{"line":26,"column":65},"end":{"line":26,"column":87}},"4":{"start":{"line":21,"column":8},"end":{"line":21,"column":null}},"5":{"start":{"line":31,"column":8},"end":{"line":35,"column":null}},"6":{"start":{"line":39,"column":8},"end":{"line":41,"column":null}},"7":{"start":{"line":40,"column":12},"end":{"line":40,"column":null}},"8":{"start":{"line":42,"column":8},"end":{"line":44,"column":null}},"9":{"start":{"line":43,"column":12},"end":{"line":43,"column":null}},"10":{"start":{"line":45,"column":8},"end":{"line":45,"column":null}},"11":{"start":{"line":49,"column":8},"end":{"line":49,"column":null}},"12":{"start":{"line":53,"column":8},"end":{"line":53,"column":null}},"13":{"start":{"line":57,"column":8},"end":{"line":57,"column":null}},"14":{"start":{"line":64,"column":8},"end":{"line":64,"column":null}},"15":{"start":{"line":65,"column":8},"end":{"line":65,"column":null}},"16":{"start":{"line":65,"column":48},"end":{"line":65,"column":69}},"17":{"start":{"line":69,"column":8},"end":{"line":72,"column":null}},"18":{"start":{"line":70,"column":25},"end":{"line":70,"column":null}},"19":{"start":{"line":71,"column":12},"end":{"line":71,"column":null}},"20":{"start":{"line":76,"column":8},"end":{"line":86,"column":null}},"21":{"start":{"line":77,"column":12},"end":{"line":85,"column":null}},"22":{"start":{"line":78,"column":16},"end":{"line":78,"column":null}},"23":{"start":{"line":79,"column":12},"end":{"line":85,"column":null}},"24":{"start":{"line":80,"column":16},"end":{"line":80,"column":null}},"25":{"start":{"line":81,"column":12},"end":{"line":85,"column":null}},"26":{"start":{"line":82,"column":16},"end":{"line":82,"column":null}},"27":{"start":{"line":84,"column":16},"end":{"line":84,"column":null}},"28":{"start":{"line":90,"column":8},"end":{"line":90,"column":null}},"29":{"start":{"line":90,"column":29},"end":{"line":90,"column":null}},"30":{"start":{"line":91,"column":8},"end":{"line":102,"column":null}},"31":{"start":{"line":92,"column":12},"end":{"line":100,"column":null}},"32":{"start":{"line":93,"column":16},"end":{"line":93,"column":null}},"33":{"start":{"line":94,"column":12},"end":{"line":100,"column":null}},"34":{"start":{"line":95,"column":16},"end":{"line":95,"column":null}},"35":{"start":{"line":96,"column":12},"end":{"line":100,"column":null}},"36":{"start":{"line":97,"column":16},"end":{"line":97,"column":null}},"37":{"start":{"line":99,"column":16},"end":{"line":99,"column":null}},"38":{"start":{"line":101,"column":12},"end":{"line":101,"column":null}},"39":{"start":{"line":106,"column":8},"end":{"line":106,"column":null}}},"fnMap":{"0":{"name":"(anonymous_0)","decl":{"start":{"line":24,"column":4},"end":{"line":24,"column":16}},"loc":{"start":{"line":24,"column":66},"end":{"line":28,"column":null}}},"1":{"name":"(anonymous_1)","decl":{"start":{"line":26,"column":48},"end":{"line":26,"column":49}},"loc":{"start":{"line":26,"column":65},"end":{"line":26,"column":87}}},"2":{"name":"(anonymous_2)","decl":{"start":{"line":19,"column":4},"end":{"line":19,"column":16}},"loc":{"start":{"line":19,"column":36},"end":{"line":22,"column":null}}},"3":{"name":"(anonymous_3)","decl":{"start":{"line":30,"column":4},"end":{"line":30,"column":11}},"loc":{"start":{"line":30,"column":69},"end":{"line":36,"column":null}}},"4":{"name":"(anonymous_4)","decl":{"start":{"line":38,"column":4},"end":{"line":38,"column":11}},"loc":{"start":{"line":38,"column":47},"end":{"line":46,"column":null}}},"5":{"name":"(anonymous_5)","decl":{"start":{"line":48,"column":4},"end":{"line":48,"column":23}},"loc":{"start":{"line":48,"column":23},"end":{"line":50,"column":null}}},"6":{"name":"(anonymous_6)","decl":{"start":{"line":52,"column":4},"end":{"line":52,"column":9}},"loc":{"start":{"line":52,"column":48},"end":{"line":54,"column":null}}},"7":{"name":"(anonymous_7)","decl":{"start":{"line":56,"column":4},"end":{"line":56,"column":19}},"loc":{"start":{"line":56,"column":19},"end":{"line":58,"column":null}}},"8":{"name":"(anonymous_8)","decl":{"start":{"line":60,"column":4},"end":{"line":60,"column":null}},"loc":{"start":{"line":63,"column":11},"end":{"line":66,"column":null}}},"9":{"name":"(anonymous_9)","decl":{"start":{"line":65,"column":42},"end":{"line":65,"column":48}},"loc":{"start":{"line":65,"column":48},"end":{"line":65,"column":69}}},"10":{"name":"(anonymous_10)","decl":{"start":{"line":68,"column":4},"end":{"line":68,"column":13}},"loc":{"start":{"line":68,"column":39},"end":{"line":73,"column":null}}},"11":{"name":"(anonymous_11)","decl":{"start":{"line":69,"column":56},"end":{"line":69,"column":57}},"loc":{"start":{"line":69,"column":91},"end":{"line":72,"column":9}}},"12":{"name":"(anonymous_12)","decl":{"start":{"line":75,"column":4},"end":{"line":75,"column":18}},"loc":{"start":{"line":75,"column":50},"end":{"line":87,"column":null}}},"13":{"name":"(anonymous_13)","decl":{"start":{"line":76,"column":28},"end":{"line":76,"column":37}},"loc":{"start":{"line":76,"column":37},"end":{"line":86,"column":9}}},"14":{"name":"(anonymous_14)","decl":{"start":{"line":89,"column":4},"end":{"line":89,"column":19}},"loc":{"start":{"line":89,"column":53},"end":{"line":103,"column":null}}},"15":{"name":"(anonymous_15)","decl":{"start":{"line":91,"column":47},"end":{"line":91,"column":48}},"loc":{"start":{"line":91,"column":70},"end":{"line":102,"column":11}}},"16":{"name":"(anonymous_16)","decl":{"start":{"line":105,"column":4},"end":{"line":105,"column":14}},"loc":{"start":{"line":105,"column":65},"end":{"line":107,"column":null}}}},"branchMap":{"0":{"loc":{"start":{"line":25,"column":8},"end":{"line":27,"column":null}},"type":"if","locations":[{"start":{"line":25,"column":8},"end":{"line":27,"column":null}},{"start":{"line":25,"column":8},"end":{"line":27,"column":null}}]},"1":{"loc":{"start":{"line":30,"column":11},"end":{"line":30,"column":32}},"type":"default-arg","locations":[{"start":{"line":30,"column":28},"end":{"line":30,"column":32}}]},"2":{"loc":{"start":{"line":30,"column":32},"end":{"line":30,"column":69}},"type":"default-arg","locations":[{"start":{"line":30,"column":52},"end":{"line":30,"column":69}}]},"3":{"loc":{"start":{"line":39,"column":8},"end":{"line":41,"column":null}},"type":"if","locations":[{"start":{"line":39,"column":8},"end":{"line":41,"column":null}},{"start":{"line":39,"column":8},"end":{"line":41,"column":null}}]},"4":{"loc":{"start":{"line":39,"column":12},"end":{"line":39,"column":44}},"type":"binary-expr","locations":[{"start":{"line":39,"column":12},"end":{"line":39,"column":29}},{"start":{"line":39,"column":29},"end":{"line":39,"column":44}}]},"5":{"loc":{"start":{"line":42,"column":8},"end":{"line":44,"column":null}},"type":"if","locations":[{"start":{"line":42,"column":8},"end":{"line":44,"column":null}},{"start":{"line":42,"column":8},"end":{"line":44,"column":null}}]},"6":{"loc":{"start":{"line":42,"column":12},"end":{"line":42,"column":65}},"type":"binary-expr","locations":[{"start":{"line":42,"column":12},"end":{"line":42,"column":33}},{"start":{"line":42,"column":33},"end":{"line":42,"column":54}},{"start":{"line":42,"column":54},"end":{"line":42,"column":65}}]},"7":{"loc":{"start":{"line":61,"column":8},"end":{"line":61,"column":null}},"type":"default-arg","locations":[{"start":{"line":61,"column":25},"end":{"line":61,"column":null}}]},"8":{"loc":{"start":{"line":64,"column":8},"end":{"line":64,"column":null}},"type":"binary-expr","locations":[{"start":{"line":64,"column":8},"end":{"line":64,"column":35}},{"start":{"line":64,"column":35},"end":{"line":64,"column":null}}]},"9":{"loc":{"start":{"line":71,"column":19},"end":{"line":71,"column":null}},"type":"cond-expr","locations":[{"start":{"line":71,"column":38},"end":{"line":71,"column":58}},{"start":{"line":71,"column":58},"end":{"line":71,"column":null}}]},"10":{"loc":{"start":{"line":77,"column":12},"end":{"line":85,"column":null}},"type":"if","locations":[{"start":{"line":77,"column":12},"end":{"line":85,"column":null}},{"start":{"line":79,"column":12},"end":{"line":85,"column":null}}]},"11":{"loc":{"start":{"line":79,"column":12},"end":{"line":85,"column":null}},"type":"if","locations":[{"start":{"line":79,"column":12},"end":{"line":85,"column":null}},{"start":{"line":81,"column":12},"end":{"line":85,"column":null}}]},"12":{"loc":{"start":{"line":81,"column":12},"end":{"line":85,"column":null}},"type":"if","locations":[{"start":{"line":81,"column":12},"end":{"line":85,"column":null}},{"start":{"line":83,"column":19},"end":{"line":85,"column":null}}]},"13":{"loc":{"start":{"line":90,"column":8},"end":{"line":90,"column":null}},"type":"if","locations":[{"start":{"line":90,"column":8},"end":{"line":90,"column":null}},{"start":{"line":90,"column":8},"end":{"line":90,"column":null}}]},"14":{"loc":{"start":{"line":92,"column":12},"end":{"line":100,"column":null}},"type":"if","locations":[{"start":{"line":92,"column":12},"end":{"line":100,"column":null}},{"start":{"line":94,"column":12},"end":{"line":100,"column":null}}]},"15":{"loc":{"start":{"line":94,"column":12},"end":{"line":100,"column":null}},"type":"if","locations":[{"start":{"line":94,"column":12},"end":{"line":100,"column":null}},{"start":{"line":96,"column":12},"end":{"line":100,"column":null}}]},"16":{"loc":{"start":{"line":96,"column":12},"end":{"line":100,"column":null}},"type":"if","locations":[{"start":{"line":96,"column":12},"end":{"line":100,"column":null}},{"start":{"line":98,"column":19},"end":{"line":100,"column":null}}]}},"s":{"0":54,"1":54,"2":1,"3":1,"4":72,"5":21,"6":8,"7":2,"8":6,"9":1,"10":5,"11":4,"12":6,"13":5,"14":7,"15":7,"16":2026,"17":72,"18":32,"19":32,"20":11,"21":24,"22":17,"23":7,"24":2,"25":5,"26":4,"27":1,"28":16,"29":1,"30":15,"31":24,"32":19,"33":5,"34":2,"35":3,"36":1,"37":2,"38":24,"39":9},"f":{"0":54,"1":1,"2":72,"3":21,"4":8,"5":4,"6":6,"7":5,"8":7,"9":2026,"10":72,"11":32,"12":11,"13":24,"14":16,"15":24,"16":9},"b":{"0":[1,53],"1":[13],"2":[16],"3":[2,6],"4":[8,7],"5":[1,5],"6":[6,3,3],"7":[1],"8":[7,4],"9":[31,1],"10":[17,7],"11":[2,5],"12":[4,1],"13":[1,15],"14":[19,5],"15":[2,3],"16":[1,2]}}
,"C:/code/mock/src/base/boolean.ts": {"path":"C:/code/mock/src/base/boolean.ts","statementMap":{"0":{"start":{"line":14,"column":26},"end":{"line":22,"column":null}},"1":{"start":{"line":15,"column":4},"end":{"line":17,"column":null}},"2":{"start":{"line":16,"column":8},"end":{"line":16,"column":null}},"3":{"start":{"line":18,"column":19},"end":{"line":18,"column":null}},"4":{"start":{"line":19,"column":19},"end":{"line":19,"column":null}},"5":{"start":{"line":20,"column":20},"end":{"line":20,"column":null}},"6":{"start":{"line":21,"column":4},"end":{"line":21,"column":null}}},"fnMap":{"0":{"name":"(anonymous_0)","decl":{"start":{"line":14,"column":26},"end":{"line":14,"column":27}},"loc":{"start":{"line":14,"column":96},"end":{"line":22,"column":null}}}},"branchMap":{"0":{"loc":{"start":{"line":15,"column":4},"end":{"line":17,"column":null}},"type":"if","locations":[{"start":{"line":15,"column":4},"end":{"line":17,"column":null}},{"start":{"line":15,"column":4},"end":{"line":17,"column":null}}]},"1":{"loc":{"start":{"line":21,"column":11},"end":{"line":21,"column":null}},"type":"cond-expr","locations":[{"start":{"line":21,"column":37},"end":{"line":21,"column":47}},{"start":{"line":21,"column":47},"end":{"line":21,"column":null}}]}},"s":{"0":2,"1":2006,"2":5,"3":2001,"4":2001,"5":2001,"6":2001},"f":{"0":2006},"b":{"0":[5,2001],"1":[1000,1001]}}
,"C:/code/mock/src/base/date.ts": {"path":"C:/code/mock/src/base/date.ts","statementMap":{"0":{"start":{"line":11,"column":26},"end":{"line":13,"column":null}},"1":{"start":{"line":12,"column":4},"end":{"line":12,"column":null}},"2":{"start":{"line":20,"column":23},"end":{"line":22,"column":null}},"3":{"start":{"line":21,"column":4},"end":{"line":21,"column":null}},"4":{"start":{"line":21,"column":17},"end":{"line":21,"column":null}},"5":{"start":{"line":28,"column":26},"end":{"line":28,"column":null}},"6":{"start":{"line":34,"column":26},"end":{"line":34,"column":null}},"7":{"start":{"line":40,"column":30},"end":{"line":40,"column":null}}},"fnMap":{"0":{"name":"(anonymous_0)","decl":{"start":{"line":11,"column":26},"end":{"line":11,"column":27}},"loc":{"start":{"line":11,"column":94},"end":{"line":13,"column":null}}},"1":{"name":"(anonymous_1)","decl":{"start":{"line":20,"column":23},"end":{"line":20,"column":24}},"loc":{"start":{"line":20,"column":60},"end":{"line":22,"column":null}}},"2":{"name":"(anonymous_2)","decl":{"start":{"line":21,"column":11},"end":{"line":21,"column":17}},"loc":{"start":{"line":21,"column":17},"end":{"line":21,"column":null}}}},"branchMap":{"0":{"loc":{"start":{"line":11,"column":27},"end":{"line":11,"column":52}},"type":"default-arg","locations":[{"start":{"line":11,"column":39},"end":{"line":11,"column":52}}]},"1":{"loc":{"start":{"line":11,"column":52},"end":{"line":11,"column":94}},"type":"default-arg","locations":[{"start":{"line":11,"column":64},"end":{"line":11,"column":94}}]}},"s":{"0":3,"1":120,"2":3,"3":9,"4":8,"5":3,"6":3,"7":3},"f":{"0":120,"1":9,"2":8},"b":{"0":[14],"1":[14]}}
,"C:/code/mock/src/base/number.ts": {"path":"C:/code/mock/src/base/number.ts","statementMap":{"0":{"start":{"line":6,"column":22},"end":{"line":10,"column":null}},"1":{"start":{"line":7,"column":19},"end":{"line":7,"column":null}},"2":{"start":{"line":8,"column":19},"end":{"line":8,"column":null}},"3":{"start":{"line":9,"column":4},"end":{"line":9,"column":null}},"4":{"start":{"line":12,"column":23},"end":{"line":18,"column":null}},"5":{"start":{"line":13,"column":17},"end":{"line":13,"column":null}},"6":{"start":{"line":14,"column":4},"end":{"line":14,"column":null}},"7":{"start":{"line":15,"column":17},"end":{"line":15,"column":null}},"8":{"start":{"line":16,"column":4},"end":{"line":16,"column":null}},"9":{"start":{"line":17,"column":4},"end":{"line":17,"column":null}},"10":{"start":{"line":20,"column":24},"end":{"line":33,"column":null}},"11":{"start":{"line":21,"column":19},"end":{"line":21,"column":null}},"12":{"start":{"line":22,"column":19},"end":{"line":22,"column":null}},"13":{"start":{"line":23,"column":17},"end":{"line":23,"column":null}},"14":{"start":{"line":24,"column":4},"end":{"line":26,"column":null}},"15":{"start":{"line":25,"column":8},"end":{"line":25,"column":null}},"16":{"start":{"line":27,"column":4},"end":{"line":32,"column":null}},"17":{"start":{"line":28,"column":8},"end":{"line":28,"column":null}},"18":{"start":{"line":30,"column":25},"end":{"line":30,"column":null}},"19":{"start":{"line":31,"column":8},"end":{"line":31,"column":null}}},"fnMap":{"0":{"name":"(anonymous_0)","decl":{"start":{"line":6,"column":22},"end":{"line":6,"column":23}},"loc":{"start":{"line":6,"column":64},"end":{"line":10,"column":null}}},"1":{"name":"(anonymous_1)","decl":{"start":{"line":12,"column":23},"end":{"line":12,"column":24}},"loc":{"start":{"line":12,"column":65},"end":{"line":18,"column":null}}},"2":{"name":"(anonymous_2)","decl":{"start":{"line":20,"column":24},"end":{"line":20,"column":25}},"loc":{"start":{"line":20,"column":82},"end":{"line":33,"column":null}}}},"branchMap":{"0":{"loc":{"start":{"line":14,"column":13},"end":{"line":14,"column":null}},"type":"cond-expr","locations":[{"start":{"line":14,"column":26},"end":{"line":14,"column":35}},{"start":{"line":14,"column":35},"end":{"line":14,"column":null}}]},"1":{"loc":{"start":{"line":16,"column":13},"end":{"line":16,"column":null}},"type":"cond-expr","locations":[{"start":{"line":16,"column":26},"end":{"line":16,"column":35}},{"start":{"line":16,"column":35},"end":{"line":16,"column":null}}]},"2":{"loc":{"start":{"line":24,"column":4},"end":{"line":26,"column":null}},"type":"if","locations":[{"start":{"line":24,"column":4},"end":{"line":26,"column":null}},{"start":{"line":24,"column":4},"end":{"line":26,"column":null}}]},"3":{"loc":{"start":{"line":27,"column":4},"end":{"line":32,"column":null}},"type":"if","locations":[{"start":{"line":27,"column":4},"end":{"line":32,"column":null}},{"start":{"line":29,"column":11},"end":{"line":32,"column":null}}]}},"s":{"0":4,"1":22551,"2":22551,"3":22551,"4":4,"5":22217,"6":22217,"7":22217,"8":22217,"9":22217,"10":4,"11":1002,"12":1002,"13":1002,"14":1002,"15":1001,"16":1002,"17":1001,"18":1,"19":1},"f":{"0":22551,"1":22217,"2":1002},"b":{"0":[2040,20177],"1":[22214,3],"2":[1001,1],"3":[1001,1]}}
,"C:/code/mock/src/base/text.ts": {"path":"C:/code/mock/src/base/text.ts","statementMap":{"0":{"start":{"line":7,"column":25},"end":{"line":13,"column":null}},"1":{"start":{"line":8,"column":4},"end":{"line":10,"column":null}},"2":{"start":{"line":9,"column":8},"end":{"line":9,"column":null}},"3":{"start":{"line":11,"column":17},"end":{"line":11,"column":null}},"4":{"start":{"line":12,"column":4},"end":{"line":12,"column":null}},"5":{"start":{"line":14,"column":20},"end":{"line":27,"column":null}},"6":{"start":{"line":21,"column":40},"end":{"line":21,"column":null}},"7":{"start":{"line":22,"column":4},"end":{"line":25,"column":null}},"8":{"start":{"line":23,"column":8},"end":{"line":23,"column":null}},"9":{"start":{"line":24,"column":8},"end":{"line":24,"column":null}},"10":{"start":{"line":26,"column":4},"end":{"line":26,"column":null}},"11":{"start":{"line":26,"column":59},"end":{"line":26,"column":77}},"12":{"start":{"line":29,"column":21},"end":{"line":35,"column":null}},"13":{"start":{"line":30,"column":19},"end":{"line":30,"column":null}},"14":{"start":{"line":31,"column":19},"end":{"line":33,"column":null}},"15":{"start":{"line":32,"column":19},"end":{"line":32,"column":32}},"16":{"start":{"line":34,"column":4},"end":{"line":34,"column":null}},"17":{"start":{"line":37,"column":18},"end":{"line":63,"column":null}},"18":{"start":{"line":38,"column":20},"end":{"line":38,"column":null}},"19":{"start":{"line":39,"column":21},"end":{"line":39,"column":null}},"20":{"start":{"line":40,"column":25},"end":{"line":40,"column":null}},"21":{"start":{"line":41,"column":23},"end":{"line":41,"column":null}},"22":{"start":{"line":42,"column":20},"end":{"line":42,"column":null}},"23":{"start":{"line":43,"column":4},"end":{"line":45,"column":null}},"24":{"start":{"line":43,"column":17},"end":{"line":43,"column":20}},"25":{"start":{"line":44,"column":8},"end":{"line":44,"column":null}},"26":{"start":{"line":46,"column":22},"end":{"line":46,"column":null}},"27":{"start":{"line":47,"column":26},"end":{"line":47,"column":null}},"28":{"start":{"line":48,"column":4},"end":{"line":60,"column":null}},"29":{"start":{"line":50,"column":12},"end":{"line":50,"column":null}},"30":{"start":{"line":51,"column":12},"end":{"line":51,"column":null}},"31":{"start":{"line":53,"column":12},"end":{"line":53,"column":null}},"32":{"start":{"line":54,"column":12},"end":{"line":54,"column":null}},"33":{"start":{"line":56,"column":12},"end":{"line":56,"column":null}},"34":{"start":{"line":57,"column":12},"end":{"line":57,"column":null}},"35":{"start":{"line":59,"column":12},"end":{"line":59,"column":null}},"36":{"start":{"line":62,"column":4},"end":{"line":62,"column":null}}},"fnMap":{"0":{"name":"(anonymous_0)","decl":{"start":{"line":7,"column":25},"end":{"line":7,"column":26}},"loc":{"start":{"line":7,"column":56},"end":{"line":13,"column":null}}},"1":{"name":"(anonymous_1)","decl":{"start":{"line":14,"column":20},"end":{"line":14,"column":null}},"loc":{"start":{"line":20,"column":5},"end":{"line":27,"column":null}}},"2":{"name":"(anonymous_2)","decl":{"start":{"line":26,"column":53},"end":{"line":26,"column":59}},"loc":{"start":{"line":26,"column":59},"end":{"line":26,"column":77}}},"3":{"name":"(anonymous_3)","decl":{"start":{"line":29,"column":21},"end":{"line":29,"column":27}},"loc":{"start":{"line":29,"column":27},"end":{"line":35,"column":null}}},"4":{"name":"(anonymous_4)","decl":{"start":{"line":32,"column":13},"end":{"line":32,"column":19}},"loc":{"start":{"line":32,"column":19},"end":{"line":32,"column":32}}},"5":{"name":"(anonymous_5)","decl":{"start":{"line":37,"column":18},"end":{"line":37,"column":24}},"loc":{"start":{"line":37,"column":24},"end":{"line":63,"column":null}}}},"branchMap":{"0":{"loc":{"start":{"line":7,"column":26},"end":{"line":7,"column":56}},"type":"default-arg","locations":[{"start":{"line":7,"column":46},"end":{"line":7,"column":56}}]},"1":{"loc":{"start":{"line":8,"column":4},"end":{"line":10,"column":null}},"type":"if","locations":[{"start":{"line":8,"column":4},"end":{"line":10,"column":null}},{"start":{"line":8,"column":4},"end":{"line":10,"column":null}}]},"2":{"loc":{"start":{"line":15,"column":4},"end":{"line":19,"column":null}},"type":"default-arg","locations":[{"start":{"line":19,"column":8},"end":{"line":19,"column":null}}]},"3":{"loc":{"start":{"line":21,"column":20},"end":{"line":21,"column":36}},"type":"default-arg","locations":[{"start":{"line":21,"column":30},"end":{"line":21,"column":36}}]},"4":{"loc":{"start":{"line":22,"column":4},"end":{"line":25,"column":null}},"type":"if","locations":[{"start":{"line":22,"column":4},"end":{"line":25,"column":null}},{"start":{"line":22,"column":4},"end":{"line":25,"column":null}}]},"5":{"loc":{"start":{"line":22,"column":8},"end":{"line":22,"column":46}},"type":"binary-expr","locations":[{"start":{"line":22,"column":8},"end":{"line":22,"column":28}},{"start":{"line":22,"column":28},"end":{"line":22,"column":46}}]},"6":{"loc":{"start":{"line":48,"column":4},"end":{"line":60,"column":null}},"type":"switch","locations":[{"start":{"line":49,"column":8},"end":{"line":51,"column":null}},{"start":{"line":52,"column":8},"end":{"line":54,"column":null}},{"start":{"line":55,"column":8},"end":{"line":57,"column":null}},{"start":{"line":58,"column":8},"end":{"line":59,"column":null}}]}},"s":{"0":2,"1":12143,"2":2,"3":12141,"4":12141,"5":2,"6":2041,"7":2041,"8":2015,"9":2015,"10":2041,"11":12140,"12":2,"13":1004,"14":1004,"15":8032,"16":1004,"17":2,"18":103,"19":103,"20":103,"21":103,"22":103,"23":103,"24":103,"25":1751,"26":103,"27":103,"28":103,"29":11,"30":11,"31":7,"32":7,"33":8,"34":8,"35":77,"36":103},"f":{"0":12143,"1":2041,"2":12140,"3":1004,"4":8032,"5":103},"b":{"0":[1],"1":[2,12141],"2":[2014],"3":[2019],"4":[2015,26],"5":[2041,2015],"6":[11,7,8,77]}}
,"C:/code/mock/src/const/index.ts": {"path":"C:/code/mock/src/const/index.ts","statementMap":{"0":{"start":{"line":1,"column":21},"end":{"line":1,"column":null}},"1":{"start":{"line":2,"column":21},"end":{"line":2,"column":null}},"2":{"start":{"line":3,"column":22},"end":{"line":3,"column":null}},"3":{"start":{"line":4,"column":22},"end":{"line":4,"column":null}},"4":{"start":{"line":6,"column":25},"end":{"line":14,"column":null}},"5":{"start":{"line":16,"column":26},"end":{"line":16,"column":null}}},"fnMap":{},"branchMap":{},"s":{"0":4,"1":4,"2":4,"3":4,"4":4,"5":4},"f":{},"b":{}}
,"C:/code/mock/src/utils/index.ts": {"path":"C:/code/mock/src/utils/index.ts","statementMap":{"0":{"start":{"line":4,"column":31},"end":{"line":13,"column":null}},"1":{"start":{"line":5,"column":4},"end":{"line":5,"column":null}},"2":{"start":{"line":5,"column":20},"end":{"line":5,"column":null}},"3":{"start":{"line":7,"column":19},"end":{"line":7,"column":null}},"4":{"start":{"line":9,"column":18},"end":{"line":10,"column":null}},"5":{"start":{"line":10,"column":8},"end":{"line":10,"column":null}},"6":{"start":{"line":12,"column":4},"end":{"line":12,"column":null}},"7":{"start":{"line":15,"column":23},"end":{"line":16,"column":null}},"8":{"start":{"line":16,"column":4},"end":{"line":16,"column":null}},"9":{"start":{"line":18,"column":21},"end":{"line":20,"column":null}},"10":{"start":{"line":19,"column":4},"end":{"line":19,"column":null}},"11":{"start":{"line":19,"column":40},"end":{"line":19,"column":46}},"12":{"start":{"line":23,"column":21},"end":{"line":84,"column":null}},"13":{"start":{"line":27,"column":8},"end":{"line":27,"column":null}},"14":{"start":{"line":32,"column":16},"end":{"line":32,"column":null}},"15":{"start":{"line":33,"column":8},"end":{"line":33,"column":null}},"16":{"start":{"line":36,"column":8},"end":{"line":36,"column":null}},"17":{"start":{"line":40,"column":16},"end":{"line":40,"column":null}},"18":{"start":{"line":41,"column":8},"end":{"line":41,"column":null}},"19":{"start":{"line":46,"column":16},"end":{"line":46,"column":null}},"20":{"start":{"line":47,"column":8},"end":{"line":47,"column":null}},"21":{"start":{"line":51,"column":16},"end":{"line":51,"column":null}},"22":{"start":{"line":52,"column":8},"end":{"line":52,"column":null}},"23":{"start":{"line":55,"column":8},"end":{"line":55,"column":null}},"24":{"start":{"line":59,"column":16},"end":{"line":59,"column":null}},"25":{"start":{"line":60,"column":8},"end":{"line":60,"column":null}},"26":{"start":{"line":65,"column":16},"end":{"line":65,"column":null}},"27":{"start":{"line":66,"column":8},"end":{"line":66,"column":null}},"28":{"start":{"line":72,"column":17},"end":{"line":72,"column":null}},"29":{"start":{"line":73,"column":8},"end":{"line":73,"column":null}},"30":{"start":{"line":78,"column":8},"end":{"line":78,"column":null}},"31":{"start":{"line":81,"column":8},"end":{"line":81,"column":null}},"32":{"start":{"line":87,"column":26},"end":{"line":87,"column":null}},"33":{"start":{"line":90,"column":26},"end":{"line":102,"column":null}},"34":{"start":{"line":91,"column":4},"end":{"line":101,"column":null}},"35":{"start":{"line":94,"column":28},"end":{"line":94,"column":null}},"36":{"start":{"line":95,"column":12},"end":{"line":99,"column":null}},"37":{"start":{"line":107,"column":8},"end":{"line":107,"column":null}},"38":{"start":{"line":108,"column":8},"end":{"line":108,"column":null}},"39":{"start":{"line":108,"column":38},"end":{"line":108,"column":null}}},"fnMap":{"0":{"name":"(anonymous_0)","decl":{"start":{"line":4,"column":31},"end":{"line":4,"column":32}},"loc":{"start":{"line":4,"column":78},"end":{"line":13,"column":null}}},"1":{"name":"(anonymous_1)","decl":{"start":{"line":9,"column":18},"end":{"line":9,"column":19}},"loc":{"start":{"line":10,"column":8},"end":{"line":10,"column":null}}},"2":{"name":"(anonymous_2)","decl":{"start":{"line":15,"column":23},"end":{"line":15,"column":42}},"loc":{"start":{"line":16,"column":4},"end":{"line":16,"column":null}}},"3":{"name":"(anonymous_3)","decl":{"start":{"line":18,"column":21},"end":{"line":18,"column":22}},"loc":{"start":{"line":18,"column":58},"end":{"line":20,"column":null}}},"4":{"name":"(anonymous_4)","decl":{"start":{"line":19,"column":34},"end":{"line":19,"column":40}},"loc":{"start":{"line":19,"column":40},"end":{"line":19,"column":46}}},"5":{"name":"(anonymous_5)","decl":{"start":{"line":26,"column":8},"end":{"line":26,"column":18}},"loc":{"start":{"line":26,"column":30},"end":{"line":28,"column":null}}},"6":{"name":"(anonymous_6)","decl":{"start":{"line":31,"column":8},"end":{"line":31,"column":18}},"loc":{"start":{"line":31,"column":30},"end":{"line":34,"column":null}}},"7":{"name":"(anonymous_7)","decl":{"start":{"line":35,"column":7},"end":{"line":35,"column":17}},"loc":{"start":{"line":35,"column":29},"end":{"line":37,"column":null}}},"8":{"name":"(anonymous_8)","decl":{"start":{"line":39,"column":8},"end":{"line":39,"column":18}},"loc":{"start":{"line":39,"column":30},"end":{"line":42,"column":null}}},"9":{"name":"(anonymous_9)","decl":{"start":{"line":45,"column":8},"end":{"line":45,"column":18}},"loc":{"start":{"line":45,"column":30},"end":{"line":48,"column":null}}},"10":{"name":"(anonymous_10)","decl":{"start":{"line":50,"column":8},"end":{"line":50,"column":18}},"loc":{"start":{"line":50,"column":30},"end":{"line":53,"column":null}}},"11":{"name":"(anonymous_11)","decl":{"start":{"line":54,"column":7},"end":{"line":54,"column":17}},"loc":{"start":{"line":54,"column":29},"end":{"line":56,"column":null}}},"12":{"name":"(anonymous_12)","decl":{"start":{"line":58,"column":8},"end":{"line":58,"column":18}},"loc":{"start":{"line":58,"column":30},"end":{"line":61,"column":null}}},"13":{"name":"(anonymous_13)","decl":{"start":{"line":64,"column":8},"end":{"line":64,"column":18}},"loc":{"start":{"line":64,"column":30},"end":{"line":67,"column":null}}},"14":{"name":"(anonymous_14)","decl":{"start":{"line":71,"column":8},"end":{"line":71,"column":18}},"loc":{"start":{"line":71,"column":30},"end":{"line":74,"column":null}}},"15":{"name":"(anonymous_15)","decl":{"start":{"line":77,"column":7},"end":{"line":77,"column":17}},"loc":{"start":{"line":77,"column":29},"end":{"line":79,"column":null}}},"16":{"name":"(anonymous_16)","decl":{"start":{"line":80,"column":7},"end":{"line":80,"column":17}},"loc":{"start":{"line":80,"column":29},"end":{"line":82,"column":null}}},"17":{"name":"(anonymous_17)","decl":{"start":{"line":90,"column":26},"end":{"line":90,"column":27}},"loc":{"start":{"line":90,"column":64},"end":{"line":102,"column":null}}},"18":{"name":"pattern","decl":{"start":{"line":93,"column":17},"end":{"line":93,"column":25}},"loc":{"start":{"line":93,"column":75},"end":{"line":100,"column":null}}},"19":{"name":"(anonymous_19)","decl":{"start":{"line":106,"column":4},"end":{"line":106,"column":19}},"loc":{"start":{"line":106,"column":61},"end":{"line":109,"column":null}}},"20":{"name":"(anonymous_20)","decl":{"start":{"line":108,"column":22},"end":{"line":108,"column":38}},"loc":{"start":{"line":108,"column":38},"end":{"line":108,"column":null}}}},"branchMap":{"0":{"loc":{"start":{"line":4,"column":51},"end":{"line":4,"column":78}},"type":"default-arg","locations":[{"start":{"line":4,"column":72},"end":{"line":4,"column":78}}]},"1":{"loc":{"start":{"line":5,"column":4},"end":{"line":5,"column":null}},"type":"if","locations":[{"start":{"line":5,"column":4},"end":{"line":5,"column":null}},{"start":{"line":5,"column":4},"end":{"line":5,"column":null}}]},"2":{"loc":{"start":{"line":10,"column":8},"end":{"line":10,"column":null}},"type":"binary-expr","locations":[{"start":{"line":10,"column":8},"end":{"line":10,"column":23}},{"start":{"line":10,"column":23},"end":{"line":10,"column":56}},{"start":{"line":10,"column":56},"end":{"line":10,"column":null}}]},"3":{"loc":{"start":{"line":12,"column":11},"end":{"line":12,"column":null}},"type":"cond-expr","locations":[{"start":{"line":12,"column":27},"end":{"line":12,"column":36}},{"start":{"line":12,"column":36},"end":{"line":12,"column":null}}]},"4":{"loc":{"start":{"line":33,"column":15},"end":{"line":33,"column":null}},"type":"cond-expr","locations":[{"start":{"line":33,"column":24},"end":{"line":33,"column":34}},{"start":{"line":33,"column":34},"end":{"line":33,"column":null}}]},"5":{"loc":{"start":{"line":41,"column":15},"end":{"line":41,"column":null}},"type":"cond-expr","locations":[{"start":{"line":41,"column":24},"end":{"line":41,"column":34}},{"start":{"line":41,"column":34},"end":{"line":41,"column":null}}]},"6":{"loc":{"start":{"line":47,"column":15},"end":{"line":47,"column":null}},"type":"cond-expr","locations":[{"start":{"line":47,"column":24},"end":{"line":47,"column":34}},{"start":{"line":47,"column":34},"end":{"line":47,"column":null}}]},"7":{"loc":{"start":{"line":52,"column":15},"end":{"line":52,"column":null}},"type":"cond-expr","locations":[{"start":{"line":52,"column":24},"end":{"line":52,"column":34}},{"start":{"line":52,"column":34},"end":{"line":52,"column":null}}]},"8":{"loc":{"start":{"line":60,"column":15},"end":{"line":60,"column":null}},"type":"cond-expr","locations":[{"start":{"line":60,"column":24},"end":{"line":60,"column":34}},{"start":{"line":60,"column":34},"end":{"line":60,"column":null}}]},"9":{"loc":{"start":{"line":66,"column":15},"end":{"line":66,"column":null}},"type":"cond-expr","locations":[{"start":{"line":66,"column":24},"end":{"line":66,"column":34}},{"start":{"line":66,"column":34},"end":{"line":66,"column":null}}]},"10":{"loc":{"start":{"line":73,"column":16},"end":{"line":73,"column":null}},"type":"binary-expr","locations":[{"start":{"line":73,"column":16},"end":{"line":73,"column":27}},{"start":{"line":73,"column":27},"end":{"line":73,"column":42}},{"start":{"line":73,"column":42},"end":{"line":73,"column":54}},{"start":{"line":73,"column":54},"end":{"line":73,"column":67}},{"start":{"line":73,"column":67},"end":{"line":73,"column":null}}]},"11":{"loc":{"start":{"line":78,"column":15},"end":{"line":78,"column":null}},"type":"cond-expr","locations":[{"start":{"line":78,"column":38},"end":{"line":78,"column":45}},{"start":{"line":78,"column":45},"end":{"line":78,"column":null}}]},"12":{"loc":{"start":{"line":81,"column":15},"end":{"line":81,"column":null}},"type":"cond-expr","locations":[{"start":{"line":81,"column":38},"end":{"line":81,"column":45}},{"start":{"line":81,"column":45},"end":{"line":81,"column":null}}]},"13":{"loc":{"start":{"line":95,"column":19},"end":{"line":99,"column":null}},"type":"cond-expr","locations":[{"start":{"line":96,"column":18},"end":{"line":96,"column":null}},{"start":{"line":97,"column":18},"end":{"line":99,"column":null}}]},"14":{"loc":{"start":{"line":97,"column":18},"end":{"line":99,"column":null}},"type":"cond-expr","locations":[{"start":{"line":98,"column":18},"end":{"line":98,"column":null}},{"start":{"line":99,"column":18},"end":{"line":99,"column":null}}]}},"s":{"0":6,"1":95551,"2":2014,"3":93537,"4":93537,"5":93537,"6":93537,"7":6,"8":241,"9":6,"10":5,"11":10,"12":6,"13":1,"14":117,"15":117,"16":1,"17":117,"18":117,"19":13,"20":13,"21":2,"22":2,"23":1,"24":15,"25":15,"26":15,"27":15,"28":6,"29":6,"30":2,"31":2,"32":6,"33":6,"34":123,"35":523,"36":523,"37":121,"38":121,"39":13},"f":{"0":95551,"1":93537,"2":241,"3":5,"4":10,"5":1,"6":117,"7":1,"8":117,"9":13,"10":2,"11":1,"12":15,"13":15,"14":6,"15":2,"16":2,"17":123,"18":523,"19":121,"20":13},"b":{"0":[22220],"1":[2014,93537],"2":[93537,93536,93535],"3":[93533,4],"4":[96,21],"5":[37,80],"6":[7,6],"7":[2,0],"8":[3,12],"9":[4,11],"10":[6,4,2,0,2],"11":[1,1],"12":[1,1],"13":[292,231],"14":[109,122]}}
}
