{"E:\\丰羽计划\\fy\\fy\\src\\mock.ts": {"path":"E:\\丰羽计划\\fy\\fy\\src\\mock.ts","all":false,"statementMap":{"0":{"start":{"line":1,"column":0},"end":{"line":1,"column":82}},"1":{"start":{"line":2,"column":0},"end":{"line":2,"column":33}},"2":{"start":{"line":3,"column":0},"end":{"line":3,"column":0}},"3":{"start":{"line":4,"column":0},"end":{"line":4,"column":9}},"4":{"start":{"line":5,"column":0},"end":{"line":5,"column":77}},"5":{"start":{"line":6,"column":0},"end":{"line":6,"column":45}},"6":{"start":{"line":7,"column":0},"end":{"line":7,"column":37}},"7":{"start":{"line":8,"column":0},"end":{"line":8,"column":50}},"8":{"start":{"line":9,"column":0},"end":{"line":9,"column":48}},"9":{"start":{"line":10,"column":0},"end":{"line":10,"column":33}},"10":{"start":{"line":11,"column":0},"end":{"line":11,"column":35}},"11":{"start":{"line":12,"column":0},"end":{"line":12,"column":52}},"12":{"start":{"line":13,"column":0},"end":{"line":13,"column":64}},"13":{"start":{"line":14,"column":0},"end":{"line":14,"column":9}},"14":{"start":{"line":15,"column":0},"end":{"line":15,"column":24}},"15":{"start":{"line":16,"column":0},"end":{"line":16,"column":5}},"16":{"start":{"line":17,"column":0},"end":{"line":17,"column":37}},"17":{"start":{"line":18,"column":0},"end":{"line":18,"column":1}},"18":{"start":{"line":19,"column":0},"end":{"line":19,"column":0}},"19":{"start":{"line":20,"column":0},"end":{"line":20,"column":9}},"20":{"start":{"line":21,"column":0},"end":{"line":21,"column":62}},"21":{"start":{"line":22,"column":0},"end":{"line":22,"column":29}},"22":{"start":{"line":23,"column":0},"end":{"line":23,"column":37}},"23":{"start":{"line":24,"column":0},"end":{"line":24,"column":69}},"24":{"start":{"line":25,"column":0},"end":{"line":25,"column":5}},"25":{"start":{"line":26,"column":0},"end":{"line":26,"column":14}},"26":{"start":{"line":27,"column":0},"end":{"line":27,"column":1}},"27":{"start":{"line":28,"column":0},"end":{"line":28,"column":0}},"28":{"start":{"line":29,"column":0},"end":{"line":29,"column":9}},"29":{"start":{"line":30,"column":0},"end":{"line":30,"column":31}},"30":{"start":{"line":31,"column":0},"end":{"line":31,"column":15}},"31":{"start":{"line":32,"column":0},"end":{"line":32,"column":1}},"32":{"start":{"line":33,"column":0},"end":{"line":33,"column":0}},"33":{"start":{"line":34,"column":0},"end":{"line":34,"column":14}},"34":{"start":{"line":35,"column":0},"end":{"line":35,"column":36}},"35":{"start":{"line":36,"column":0},"end":{"line":36,"column":20}},"36":{"start":{"line":37,"column":0},"end":{"line":37,"column":1}},"37":{"start":{"line":38,"column":0},"end":{"line":38,"column":0}},"38":{"start":{"line":39,"column":0},"end":{"line":39,"column":16}},"39":{"start":{"line":40,"column":0},"end":{"line":40,"column":70}},"40":{"start":{"line":41,"column":0},"end":{"line":41,"column":27}},"41":{"start":{"line":42,"column":0},"end":{"line":42,"column":1}},"42":{"start":{"line":43,"column":0},"end":{"line":43,"column":0}},"43":{"start":{"line":44,"column":0},"end":{"line":44,"column":47}},"44":{"start":{"line":45,"column":0},"end":{"line":45,"column":18}},"45":{"start":{"line":46,"column":0},"end":{"line":46,"column":18}},"46":{"start":{"line":47,"column":0},"end":{"line":47,"column":19}},"47":{"start":{"line":48,"column":0},"end":{"line":48,"column":16}},"48":{"start":{"line":49,"column":0},"end":{"line":49,"column":18}},"49":{"start":{"line":50,"column":0},"end":{"line":50,"column":13}},"50":{"start":{"line":51,"column":0},"end":{"line":51,"column":18}},"51":{"start":{"line":52,"column":0},"end":{"line":52,"column":15}},"52":{"start":{"line":53,"column":0},"end":{"line":53,"column":14}},"53":{"start":{"line":54,"column":0},"end":{"line":54,"column":0}},"54":{"start":{"line":55,"column":0},"end":{"line":55,"column":18}},"55":{"start":{"line":56,"column":0},"end":{"line":56,"column":1}},"56":{"start":{"line":57,"column":0},"end":{"line":57,"column":0}},"57":{"start":{"line":58,"column":0},"end":{"line":58,"column":9}},"58":{"start":{"line":59,"column":0},"end":{"line":59,"column":15}},"59":{"start":{"line":60,"column":0},"end":{"line":60,"column":58}},"60":{"start":{"line":61,"column":0},"end":{"line":61,"column":4}},"61":{"start":{"line":62,"column":0},"end":{"line":62,"column":62}},"62":{"start":{"line":63,"column":0},"end":{"line":63,"column":90}},"63":{"start":{"line":64,"column":0},"end":{"line":64,"column":36}},"64":{"start":{"line":65,"column":0},"end":{"line":65,"column":17}},"65":{"start":{"line":66,"column":0},"end":{"line":66,"column":5}},"66":{"start":{"line":67,"column":0},"end":{"line":67,"column":59}},"67":{"start":{"line":68,"column":0},"end":{"line":68,"column":9}},"68":{"start":{"line":69,"column":0},"end":{"line":69,"column":76}},"69":{"start":{"line":70,"column":0},"end":{"line":70,"column":32}},"70":{"start":{"line":71,"column":0},"end":{"line":71,"column":21}},"71":{"start":{"line":72,"column":0},"end":{"line":72,"column":33}},"72":{"start":{"line":73,"column":0},"end":{"line":73,"column":5}},"73":{"start":{"line":74,"column":0},"end":{"line":74,"column":1}},"74":{"start":{"line":75,"column":0},"end":{"line":75,"column":0}},"75":{"start":{"line":76,"column":0},"end":{"line":76,"column":63}},"76":{"start":{"line":77,"column":0},"end":{"line":77,"column":42}},"77":{"start":{"line":78,"column":0},"end":{"line":78,"column":35}},"78":{"start":{"line":79,"column":0},"end":{"line":79,"column":45}},"79":{"start":{"line":80,"column":0},"end":{"line":80,"column":6}},"80":{"start":{"line":81,"column":0},"end":{"line":81,"column":35}},"81":{"start":{"line":82,"column":0},"end":{"line":82,"column":44}},"82":{"start":{"line":83,"column":0},"end":{"line":83,"column":6}},"83":{"start":{"line":84,"column":0},"end":{"line":84,"column":36}},"84":{"start":{"line":85,"column":0},"end":{"line":85,"column":62}},"85":{"start":{"line":86,"column":0},"end":{"line":86,"column":27}},"86":{"start":{"line":87,"column":0},"end":{"line":87,"column":50}},"87":{"start":{"line":88,"column":0},"end":{"line":88,"column":36}},"88":{"start":{"line":89,"column":0},"end":{"line":89,"column":7}},"89":{"start":{"line":90,"column":0},"end":{"line":90,"column":5}},"90":{"start":{"line":91,"column":0},"end":{"line":91,"column":19}},"91":{"start":{"line":92,"column":0},"end":{"line":92,"column":1}}},"s":{"0":1,"1":1,"2":1,"3":1,"4":1,"5":21,"6":21,"7":23,"8":23,"9":23,"10":60,"11":60,"12":60,"13":60,"14":23,"15":23,"16":21,"17":21,"18":1,"19":1,"20":1,"21":15,"22":15,"23":17,"24":17,"25":17,"26":17,"27":1,"28":1,"29":1,"30":4,"31":4,"32":1,"33":1,"34":1,"35":4,"36":4,"37":1,"38":1,"39":1,"40":1,"41":1,"42":1,"43":1,"44":1,"45":1,"46":1,"47":1,"48":1,"49":1,"50":1,"51":1,"52":1,"53":1,"54":1,"55":1,"56":1,"57":1,"58":1,"59":1,"60":1,"61":1,"62":1,"63":126,"64":59,"65":59,"66":67,"67":67,"68":126,"69":126,"70":126,"71":1,"72":1,"73":126,"74":1,"75":1,"76":151,"77":151,"78":13,"79":13,"80":151,"81":9,"82":9,"83":151,"84":126,"85":126,"86":66,"87":66,"88":66,"89":126,"90":62,"91":62},"branchMap":{"0":{"type":"branch","line":5,"loc":{"start":{"line":5,"column":26},"end":{"line":18,"column":1}},"locations":[{"start":{"line":5,"column":26},"end":{"line":18,"column":1}}]},"1":{"type":"branch","line":7,"loc":{"start":{"line":7,"column":36},"end":{"line":16,"column":5}},"locations":[{"start":{"line":7,"column":36},"end":{"line":16,"column":5}}]},"2":{"type":"branch","line":9,"loc":{"start":{"line":9,"column":33},"end":{"line":9,"column":47}},"locations":[{"start":{"line":9,"column":33},"end":{"line":9,"column":47}}]},"3":{"type":"branch","line":10,"loc":{"start":{"line":10,"column":32},"end":{"line":14,"column":9}},"locations":[{"start":{"line":10,"column":32},"end":{"line":14,"column":9}}]},"4":{"type":"branch","line":17,"loc":{"start":{"line":17,"column":21},"end":{"line":17,"column":34}},"locations":[{"start":{"line":17,"column":21},"end":{"line":17,"column":34}}]},"5":{"type":"branch","line":17,"loc":{"start":{"line":17,"column":30},"end":{"line":17,"column":37}},"locations":[{"start":{"line":17,"column":30},"end":{"line":17,"column":37}}]},"6":{"type":"branch","line":21,"loc":{"start":{"line":21,"column":25},"end":{"line":27,"column":1}},"locations":[{"start":{"line":21,"column":25},"end":{"line":27,"column":1}}]},"7":{"type":"branch","line":23,"loc":{"start":{"line":23,"column":36},"end":{"line":27,"column":1}},"locations":[{"start":{"line":23,"column":36},"end":{"line":27,"column":1}}]},"8":{"type":"branch","line":24,"loc":{"start":{"line":24,"column":25},"end":{"line":24,"column":68}},"locations":[{"start":{"line":24,"column":25},"end":{"line":24,"column":68}}]},"9":{"type":"branch","line":30,"loc":{"start":{"line":30,"column":24},"end":{"line":32,"column":1}},"locations":[{"start":{"line":30,"column":24},"end":{"line":32,"column":1}}]},"10":{"type":"branch","line":35,"loc":{"start":{"line":35,"column":29},"end":{"line":37,"column":1}},"locations":[{"start":{"line":35,"column":29},"end":{"line":37,"column":1}}]},"11":{"type":"branch","line":40,"loc":{"start":{"line":40,"column":29},"end":{"line":42,"column":1}},"locations":[{"start":{"line":40,"column":29},"end":{"line":42,"column":1}}]},"12":{"type":"branch","line":63,"loc":{"start":{"line":63,"column":22},"end":{"line":74,"column":1}},"locations":[{"start":{"line":63,"column":22},"end":{"line":74,"column":1}}]},"13":{"type":"branch","line":64,"loc":{"start":{"line":64,"column":35},"end":{"line":66,"column":5}},"locations":[{"start":{"line":64,"column":35},"end":{"line":66,"column":5}}]},"14":{"type":"branch","line":66,"loc":{"start":{"line":66,"column":4},"end":{"line":69,"column":33}},"locations":[{"start":{"line":66,"column":4},"end":{"line":69,"column":33}}]},"15":{"type":"branch","line":69,"loc":{"start":{"line":69,"column":22},"end":{"line":69,"column":74}},"locations":[{"start":{"line":69,"column":22},"end":{"line":69,"column":74}}]},"16":{"type":"branch","line":69,"loc":{"start":{"line":69,"column":70},"end":{"line":69,"column":76}},"locations":[{"start":{"line":69,"column":70},"end":{"line":69,"column":76}}]},"17":{"type":"branch","line":71,"loc":{"start":{"line":71,"column":4},"end":{"line":73,"column":5}},"locations":[{"start":{"line":71,"column":4},"end":{"line":73,"column":5}}]},"18":{"type":"branch","line":76,"loc":{"start":{"line":76,"column":28},"end":{"line":92,"column":1}},"locations":[{"start":{"line":76,"column":28},"end":{"line":92,"column":1}}]},"19":{"type":"branch","line":78,"loc":{"start":{"line":78,"column":34},"end":{"line":80,"column":6}},"locations":[{"start":{"line":78,"column":34},"end":{"line":80,"column":6}}]},"20":{"type":"branch","line":80,"loc":{"start":{"line":80,"column":4},"end":{"line":81,"column":34}},"locations":[{"start":{"line":80,"column":4},"end":{"line":81,"column":34}}]},"21":{"type":"branch","line":81,"loc":{"start":{"line":81,"column":34},"end":{"line":83,"column":6}},"locations":[{"start":{"line":81,"column":34},"end":{"line":83,"column":6}}]},"22":{"type":"branch","line":83,"loc":{"start":{"line":83,"column":4},"end":{"line":84,"column":35}},"locations":[{"start":{"line":83,"column":4},"end":{"line":84,"column":35}}]},"23":{"type":"branch","line":84,"loc":{"start":{"line":84,"column":35},"end":{"line":90,"column":5}},"locations":[{"start":{"line":84,"column":35},"end":{"line":90,"column":5}}]},"24":{"type":"branch","line":86,"loc":{"start":{"line":86,"column":26},"end":{"line":89,"column":7}},"locations":[{"start":{"line":86,"column":26},"end":{"line":89,"column":7}}]},"25":{"type":"branch","line":90,"loc":{"start":{"line":90,"column":4},"end":{"line":92,"column":1}},"locations":[{"start":{"line":90,"column":4},"end":{"line":92,"column":1}}]}},"b":{"0":[21],"1":[23],"2":[0],"3":[60],"4":[20],"5":[1],"6":[15],"7":[17],"8":[21],"9":[4],"10":[4],"11":[1],"12":[126],"13":[59],"14":[67],"15":[3],"16":[64],"17":[1],"18":[151],"19":[13],"20":[138],"21":[9],"22":[129],"23":[126],"24":[66],"25":[62]},"fnMap":{"0":{"name":"mockObject","decl":{"start":{"line":5,"column":26},"end":{"line":18,"column":1}},"loc":{"start":{"line":5,"column":26},"end":{"line":18,"column":1}},"line":5},"1":{"name":"mockArray","decl":{"start":{"line":21,"column":25},"end":{"line":27,"column":1}},"loc":{"start":{"line":21,"column":25},"end":{"line":27,"column":1}},"line":21},"2":{"name":"mockNull","decl":{"start":{"line":30,"column":24},"end":{"line":32,"column":1}},"loc":{"start":{"line":30,"column":24},"end":{"line":32,"column":1}},"line":30},"3":{"name":"mockUndefined","decl":{"start":{"line":35,"column":29},"end":{"line":37,"column":1}},"loc":{"start":{"line":35,"column":29},"end":{"line":37,"column":1}},"line":35},"4":{"name":"addCustomMock","decl":{"start":{"line":40,"column":29},"end":{"line":42,"column":1}},"loc":{"start":{"line":40,"column":29},"end":{"line":42,"column":1}},"line":40},"5":{"name":"parseTemplate","decl":{"start":{"line":63,"column":22},"end":{"line":74,"column":1}},"loc":{"start":{"line":63,"column":22},"end":{"line":74,"column":1}},"line":63},"6":{"name":"generateData","decl":{"start":{"line":76,"column":28},"end":{"line":92,"column":1}},"loc":{"start":{"line":76,"column":28},"end":{"line":92,"column":1}},"line":76}},"f":{"0":21,"1":15,"2":4,"3":4,"4":1,"5":126,"6":151}}
,"E:\\丰羽计划\\fy\\fy\\src\\base\\boolean.ts": {"path":"E:\\丰羽计划\\fy\\fy\\src\\base\\boolean.ts","all":false,"statementMap":{"0":{"start":{"line":1,"column":0},"end":{"line":1,"column":3}},"1":{"start":{"line":2,"column":0},"end":{"line":2,"column":12}},"2":{"start":{"line":3,"column":0},"end":{"line":3,"column":19}},"3":{"start":{"line":4,"column":0},"end":{"line":4,"column":3}},"4":{"start":{"line":5,"column":0},"end":{"line":5,"column":0}},"5":{"start":{"line":6,"column":0},"end":{"line":6,"column":40}},"6":{"start":{"line":7,"column":0},"end":{"line":7,"column":30}},"7":{"start":{"line":8,"column":0},"end":{"line":8,"column":1}}},"s":{"0":1,"1":1,"2":1,"3":1,"4":1,"5":1,"6":1012,"7":1012},"branchMap":{"0":{"type":"branch","line":6,"loc":{"start":{"line":6,"column":39},"end":{"line":8,"column":1}},"locations":[{"start":{"line":6,"column":39},"end":{"line":8,"column":1}}]}},"b":{"0":[1012]},"fnMap":{"0":{"name":"mockBool","decl":{"start":{"line":6,"column":39},"end":{"line":8,"column":1}},"loc":{"start":{"line":6,"column":39},"end":{"line":8,"column":1}},"line":6}},"f":{"0":1012}}
,"E:\\丰羽计划\\fy\\fy\\src\\base\\custom.ts": {"path":"E:\\丰羽计划\\fy\\fy\\src\\base\\custom.ts","all":false,"statementMap":{"0":{"start":{"line":1,"column":0},"end":{"line":1,"column":32}},"1":{"start":{"line":2,"column":0},"end":{"line":2,"column":0}},"2":{"start":{"line":3,"column":0},"end":{"line":3,"column":12}},"3":{"start":{"line":4,"column":0},"end":{"line":4,"column":44}},"4":{"start":{"line":5,"column":0},"end":{"line":5,"column":77}},"5":{"start":{"line":6,"column":0},"end":{"line":6,"column":31}},"6":{"start":{"line":7,"column":0},"end":{"line":7,"column":93}},"7":{"start":{"line":8,"column":0},"end":{"line":8,"column":43}},"8":{"start":{"line":9,"column":0},"end":{"line":9,"column":5}},"9":{"start":{"line":10,"column":0},"end":{"line":10,"column":22}},"10":{"start":{"line":11,"column":0},"end":{"line":11,"column":21}},"11":{"start":{"line":12,"column":0},"end":{"line":12,"column":26}},"12":{"start":{"line":13,"column":0},"end":{"line":13,"column":57}},"13":{"start":{"line":14,"column":0},"end":{"line":14,"column":19}},"14":{"start":{"line":15,"column":0},"end":{"line":15,"column":25}},"15":{"start":{"line":16,"column":0},"end":{"line":16,"column":81}},"16":{"start":{"line":17,"column":0},"end":{"line":17,"column":63}},"17":{"start":{"line":18,"column":0},"end":{"line":18,"column":52}},"18":{"start":{"line":19,"column":0},"end":{"line":19,"column":1}},"19":{"start":{"line":20,"column":0},"end":{"line":20,"column":0}},"20":{"start":{"line":21,"column":0},"end":{"line":21,"column":11}},"21":{"start":{"line":22,"column":0},"end":{"line":22,"column":43}},"22":{"start":{"line":23,"column":0},"end":{"line":23,"column":22}},"23":{"start":{"line":24,"column":0},"end":{"line":24,"column":14}},"24":{"start":{"line":25,"column":0},"end":{"line":25,"column":14}},"25":{"start":{"line":26,"column":0},"end":{"line":26,"column":14}},"26":{"start":{"line":27,"column":0},"end":{"line":27,"column":14}},"27":{"start":{"line":28,"column":0},"end":{"line":28,"column":14}},"28":{"start":{"line":29,"column":0},"end":{"line":29,"column":14}},"29":{"start":{"line":30,"column":0},"end":{"line":30,"column":14}},"30":{"start":{"line":31,"column":0},"end":{"line":31,"column":14}},"31":{"start":{"line":32,"column":0},"end":{"line":32,"column":14}},"32":{"start":{"line":33,"column":0},"end":{"line":33,"column":14}},"33":{"start":{"line":34,"column":0},"end":{"line":34,"column":14}},"34":{"start":{"line":35,"column":0},"end":{"line":35,"column":14}},"35":{"start":{"line":36,"column":0},"end":{"line":36,"column":14}},"36":{"start":{"line":37,"column":0},"end":{"line":37,"column":14}},"37":{"start":{"line":38,"column":0},"end":{"line":38,"column":14}},"38":{"start":{"line":39,"column":0},"end":{"line":39,"column":14}},"39":{"start":{"line":40,"column":0},"end":{"line":40,"column":14}},"40":{"start":{"line":41,"column":0},"end":{"line":41,"column":14}},"41":{"start":{"line":42,"column":0},"end":{"line":42,"column":14}},"42":{"start":{"line":43,"column":0},"end":{"line":43,"column":14}},"43":{"start":{"line":44,"column":0},"end":{"line":44,"column":14}},"44":{"start":{"line":45,"column":0},"end":{"line":45,"column":14}},"45":{"start":{"line":46,"column":0},"end":{"line":46,"column":14}},"46":{"start":{"line":47,"column":0},"end":{"line":47,"column":14}},"47":{"start":{"line":48,"column":0},"end":{"line":48,"column":14}},"48":{"start":{"line":49,"column":0},"end":{"line":49,"column":14}},"49":{"start":{"line":50,"column":0},"end":{"line":50,"column":14}},"50":{"start":{"line":51,"column":0},"end":{"line":51,"column":14}},"51":{"start":{"line":52,"column":0},"end":{"line":52,"column":14}},"52":{"start":{"line":53,"column":0},"end":{"line":53,"column":14}},"53":{"start":{"line":54,"column":0},"end":{"line":54,"column":14}},"54":{"start":{"line":55,"column":0},"end":{"line":55,"column":14}},"55":{"start":{"line":56,"column":0},"end":{"line":56,"column":14}},"56":{"start":{"line":57,"column":0},"end":{"line":57,"column":14}},"57":{"start":{"line":58,"column":0},"end":{"line":58,"column":14}},"58":{"start":{"line":59,"column":0},"end":{"line":59,"column":14}},"59":{"start":{"line":60,"column":0},"end":{"line":60,"column":14}},"60":{"start":{"line":61,"column":0},"end":{"line":61,"column":14}},"61":{"start":{"line":62,"column":0},"end":{"line":62,"column":14}},"62":{"start":{"line":63,"column":0},"end":{"line":63,"column":5}},"63":{"start":{"line":64,"column":0},"end":{"line":64,"column":72}},"64":{"start":{"line":65,"column":0},"end":{"line":65,"column":56}},"65":{"start":{"line":66,"column":0},"end":{"line":66,"column":19}},"66":{"start":{"line":67,"column":0},"end":{"line":67,"column":25}},"67":{"start":{"line":68,"column":0},"end":{"line":68,"column":31}},"68":{"start":{"line":69,"column":0},"end":{"line":69,"column":1}}},"s":{"0":1,"1":1,"2":1,"3":1,"4":4,"5":4,"6":4,"7":4,"8":4,"9":4,"10":4,"11":4,"12":4,"13":4,"14":4,"15":4,"16":4,"17":4,"18":4,"19":1,"20":1,"21":1,"22":3,"23":3,"24":3,"25":3,"26":3,"27":3,"28":3,"29":3,"30":3,"31":3,"32":3,"33":3,"34":3,"35":3,"36":3,"37":3,"38":3,"39":3,"40":3,"41":3,"42":3,"43":3,"44":3,"45":3,"46":3,"47":3,"48":3,"49":3,"50":3,"51":3,"52":3,"53":3,"54":3,"55":3,"56":3,"57":3,"58":3,"59":3,"60":3,"61":3,"62":3,"63":3,"64":3,"65":3,"66":3,"67":3,"68":3},"branchMap":{"0":{"type":"branch","line":4,"loc":{"start":{"line":4,"column":43},"end":{"line":19,"column":1}},"locations":[{"start":{"line":4,"column":43},"end":{"line":19,"column":1}}]},"1":{"type":"branch","line":22,"loc":{"start":{"line":22,"column":7},"end":{"line":69,"column":1}},"locations":[{"start":{"line":22,"column":7},"end":{"line":69,"column":1}}]}},"b":{"0":[4],"1":[3]},"fnMap":{"0":{"name":"mockIdCardNumber","decl":{"start":{"line":4,"column":43},"end":{"line":19,"column":1}},"loc":{"start":{"line":4,"column":43},"end":{"line":19,"column":1}},"line":4},"1":{"name":"mockPhoneNumber","decl":{"start":{"line":22,"column":7},"end":{"line":69,"column":1}},"loc":{"start":{"line":22,"column":7},"end":{"line":69,"column":1}},"line":22}},"f":{"0":4,"1":3}}
,"E:\\丰羽计划\\fy\\fy\\src\\base\\date.ts": {"path":"E:\\丰羽计划\\fy\\fy\\src\\base\\date.ts","all":false,"statementMap":{"0":{"start":{"line":1,"column":0},"end":{"line":1,"column":33}},"1":{"start":{"line":2,"column":0},"end":{"line":2,"column":0}},"2":{"start":{"line":3,"column":0},"end":{"line":3,"column":23}},"3":{"start":{"line":4,"column":0},"end":{"line":4,"column":14}},"4":{"start":{"line":5,"column":0},"end":{"line":5,"column":14}},"5":{"start":{"line":6,"column":0},"end":{"line":6,"column":1}},"6":{"start":{"line":7,"column":0},"end":{"line":7,"column":0}},"7":{"start":{"line":8,"column":0},"end":{"line":8,"column":45}},"8":{"start":{"line":9,"column":0},"end":{"line":9,"column":19}},"9":{"start":{"line":10,"column":0},"end":{"line":10,"column":1}},"10":{"start":{"line":11,"column":0},"end":{"line":11,"column":0}},"11":{"start":{"line":12,"column":0},"end":{"line":12,"column":13}},"12":{"start":{"line":13,"column":0},"end":{"line":13,"column":62}},"13":{"start":{"line":14,"column":0},"end":{"line":14,"column":41}},"14":{"start":{"line":15,"column":0},"end":{"line":15,"column":34}},"15":{"start":{"line":16,"column":0},"end":{"line":16,"column":24}},"16":{"start":{"line":17,"column":0},"end":{"line":17,"column":5}},"17":{"start":{"line":18,"column":0},"end":{"line":18,"column":59}},"18":{"start":{"line":19,"column":0},"end":{"line":19,"column":20}},"19":{"start":{"line":20,"column":0},"end":{"line":20,"column":53}},"20":{"start":{"line":21,"column":0},"end":{"line":21,"column":53}},"21":{"start":{"line":22,"column":0},"end":{"line":22,"column":38}},"22":{"start":{"line":23,"column":0},"end":{"line":23,"column":37}},"23":{"start":{"line":24,"column":0},"end":{"line":24,"column":5}},"24":{"start":{"line":25,"column":0},"end":{"line":25,"column":28}},"25":{"start":{"line":26,"column":0},"end":{"line":26,"column":87}},"26":{"start":{"line":27,"column":0},"end":{"line":27,"column":1}},"27":{"start":{"line":28,"column":0},"end":{"line":28,"column":0}},"28":{"start":{"line":29,"column":0},"end":{"line":29,"column":14}},"29":{"start":{"line":30,"column":0},"end":{"line":30,"column":59}},"30":{"start":{"line":31,"column":0},"end":{"line":31,"column":43}},"31":{"start":{"line":32,"column":0},"end":{"line":32,"column":29}},"32":{"start":{"line":33,"column":0},"end":{"line":33,"column":34}},"33":{"start":{"line":34,"column":0},"end":{"line":34,"column":24}},"34":{"start":{"line":35,"column":0},"end":{"line":35,"column":5}},"35":{"start":{"line":36,"column":0},"end":{"line":36,"column":59}},"36":{"start":{"line":37,"column":0},"end":{"line":37,"column":53}},"37":{"start":{"line":38,"column":0},"end":{"line":38,"column":53}},"38":{"start":{"line":39,"column":0},"end":{"line":39,"column":38}},"39":{"start":{"line":40,"column":0},"end":{"line":40,"column":37}},"40":{"start":{"line":41,"column":0},"end":{"line":41,"column":5}},"41":{"start":{"line":42,"column":0},"end":{"line":42,"column":16}},"42":{"start":{"line":43,"column":0},"end":{"line":43,"column":50}},"43":{"start":{"line":44,"column":0},"end":{"line":44,"column":51}},"44":{"start":{"line":45,"column":0},"end":{"line":45,"column":1}},"45":{"start":{"line":46,"column":0},"end":{"line":46,"column":0}},"46":{"start":{"line":47,"column":0},"end":{"line":47,"column":14}},"47":{"start":{"line":48,"column":0},"end":{"line":48,"column":36}},"48":{"start":{"line":49,"column":0},"end":{"line":49,"column":35}},"49":{"start":{"line":50,"column":0},"end":{"line":50,"column":43}},"50":{"start":{"line":51,"column":0},"end":{"line":51,"column":1}}},"s":{"0":1,"1":1,"2":1,"3":1,"4":1,"5":1,"6":1,"7":1,"8":1,"9":1,"10":1,"11":1,"12":1,"13":10,"14":10,"15":10,"16":10,"17":10,"18":10,"19":10,"20":10,"21":10,"22":1,"23":1,"24":9,"25":9,"26":9,"27":1,"28":1,"29":1,"30":8,"31":8,"32":8,"33":8,"34":8,"35":8,"36":8,"37":8,"38":8,"39":1,"40":1,"41":7,"42":7,"43":7,"44":7,"45":1,"46":1,"47":1,"48":1,"49":1,"50":1},"branchMap":{"0":{"type":"branch","line":13,"loc":{"start":{"line":13,"column":7},"end":{"line":27,"column":1}},"locations":[{"start":{"line":13,"column":7},"end":{"line":27,"column":1}}]},"1":{"type":"branch","line":22,"loc":{"start":{"line":22,"column":37},"end":{"line":24,"column":5}},"locations":[{"start":{"line":22,"column":37},"end":{"line":24,"column":5}}]},"2":{"type":"branch","line":24,"loc":{"start":{"line":24,"column":4},"end":{"line":27,"column":1}},"locations":[{"start":{"line":24,"column":4},"end":{"line":27,"column":1}}]},"3":{"type":"branch","line":30,"loc":{"start":{"line":30,"column":7},"end":{"line":45,"column":1}},"locations":[{"start":{"line":30,"column":7},"end":{"line":45,"column":1}}]},"4":{"type":"branch","line":39,"loc":{"start":{"line":39,"column":37},"end":{"line":41,"column":5}},"locations":[{"start":{"line":39,"column":37},"end":{"line":41,"column":5}}]},"5":{"type":"branch","line":41,"loc":{"start":{"line":41,"column":4},"end":{"line":45,"column":1}},"locations":[{"start":{"line":41,"column":4},"end":{"line":45,"column":1}}]},"6":{"type":"branch","line":48,"loc":{"start":{"line":48,"column":7},"end":{"line":51,"column":1}},"locations":[{"start":{"line":48,"column":7},"end":{"line":51,"column":1}}]}},"b":{"0":[10],"1":[1],"2":[9],"3":[8],"4":[1],"5":[7],"6":[1]},"fnMap":{"0":{"name":"mockTimestamp","decl":{"start":{"line":13,"column":7},"end":{"line":27,"column":1}},"loc":{"start":{"line":13,"column":7},"end":{"line":27,"column":1}},"line":13},"1":{"name":"mockDate","decl":{"start":{"line":30,"column":7},"end":{"line":45,"column":1}},"loc":{"start":{"line":30,"column":7},"end":{"line":45,"column":1}},"line":30},"2":{"name":"mockTime","decl":{"start":{"line":48,"column":7},"end":{"line":51,"column":1}},"loc":{"start":{"line":48,"column":7},"end":{"line":51,"column":1}},"line":48}},"f":{"0":10,"1":8,"2":1}}
,"E:\\丰羽计划\\fy\\fy\\src\\base\\index.ts": {"path":"E:\\丰羽计划\\fy\\fy\\src\\base\\index.ts","all":false,"statementMap":{"0":{"start":{"line":1,"column":0},"end":{"line":1,"column":38}},"1":{"start":{"line":2,"column":0},"end":{"line":2,"column":38}},"2":{"start":{"line":3,"column":0},"end":{"line":3,"column":40}},"3":{"start":{"line":4,"column":0},"end":{"line":4,"column":34}},"4":{"start":{"line":5,"column":0},"end":{"line":5,"column":38}}},"s":{"0":1,"1":1,"2":1,"3":1,"4":1},"branchMap":{},"b":{},"fnMap":{},"f":{}}
,"E:\\丰羽计划\\fy\\fy\\src\\base\\number.ts": {"path":"E:\\丰羽计划\\fy\\fy\\src\\base\\number.ts","all":false,"statementMap":{"0":{"start":{"line":1,"column":0},"end":{"line":1,"column":23}},"1":{"start":{"line":2,"column":0},"end":{"line":2,"column":16}},"2":{"start":{"line":3,"column":0},"end":{"line":3,"column":16}},"3":{"start":{"line":4,"column":0},"end":{"line":4,"column":26}},"4":{"start":{"line":5,"column":0},"end":{"line":5,"column":1}},"5":{"start":{"line":6,"column":0},"end":{"line":6,"column":0}},"6":{"start":{"line":7,"column":0},"end":{"line":7,"column":9}},"7":{"start":{"line":8,"column":0},"end":{"line":8,"column":59}},"8":{"start":{"line":9,"column":0},"end":{"line":9,"column":48}},"9":{"start":{"line":10,"column":0},"end":{"line":10,"column":0}},"10":{"start":{"line":11,"column":0},"end":{"line":11,"column":20}},"11":{"start":{"line":12,"column":0},"end":{"line":12,"column":37}},"12":{"start":{"line":13,"column":0},"end":{"line":13,"column":5}},"13":{"start":{"line":14,"column":0},"end":{"line":14,"column":0}},"14":{"start":{"line":15,"column":0},"end":{"line":15,"column":60}},"15":{"start":{"line":16,"column":0},"end":{"line":16,"column":1}},"16":{"start":{"line":17,"column":0},"end":{"line":17,"column":0}},"17":{"start":{"line":18,"column":0},"end":{"line":18,"column":10}},"18":{"start":{"line":19,"column":0},"end":{"line":19,"column":61}},"19":{"start":{"line":20,"column":0},"end":{"line":20,"column":67}},"20":{"start":{"line":21,"column":0},"end":{"line":21,"column":0}},"21":{"start":{"line":22,"column":0},"end":{"line":22,"column":20}},"22":{"start":{"line":23,"column":0},"end":{"line":23,"column":37}},"23":{"start":{"line":24,"column":0},"end":{"line":24,"column":5}},"24":{"start":{"line":25,"column":0},"end":{"line":25,"column":0}},"25":{"start":{"line":26,"column":0},"end":{"line":26,"column":28}},"26":{"start":{"line":27,"column":0},"end":{"line":27,"column":47}},"27":{"start":{"line":28,"column":0},"end":{"line":28,"column":5}},"28":{"start":{"line":29,"column":0},"end":{"line":29,"column":0}},"29":{"start":{"line":30,"column":0},"end":{"line":30,"column":55}},"30":{"start":{"line":31,"column":0},"end":{"line":31,"column":55}},"31":{"start":{"line":32,"column":0},"end":{"line":32,"column":1}},"32":{"start":{"line":33,"column":0},"end":{"line":33,"column":0}},"33":{"start":{"line":34,"column":0},"end":{"line":34,"column":10}},"34":{"start":{"line":35,"column":0},"end":{"line":35,"column":63}},"35":{"start":{"line":36,"column":0},"end":{"line":36,"column":46}},"36":{"start":{"line":37,"column":0},"end":{"line":37,"column":0}},"37":{"start":{"line":38,"column":0},"end":{"line":38,"column":27}},"38":{"start":{"line":39,"column":0},"end":{"line":39,"column":37}},"39":{"start":{"line":40,"column":0},"end":{"line":40,"column":3}},"40":{"start":{"line":41,"column":0},"end":{"line":41,"column":0}},"41":{"start":{"line":42,"column":0},"end":{"line":42,"column":18}},"42":{"start":{"line":43,"column":0},"end":{"line":43,"column":33}},"43":{"start":{"line":44,"column":0},"end":{"line":44,"column":3}},"44":{"start":{"line":45,"column":0},"end":{"line":45,"column":0}},"45":{"start":{"line":46,"column":0},"end":{"line":46,"column":54}},"46":{"start":{"line":47,"column":0},"end":{"line":47,"column":1}}},"s":{"0":1,"1":1,"2":1,"3":1,"4":1,"5":1,"6":1,"7":1,"8":23,"9":23,"10":23,"11":1,"12":1,"13":22,"14":22,"15":22,"16":1,"17":1,"18":1,"19":6,"20":6,"21":6,"22":1,"23":1,"24":5,"25":6,"26":1,"27":1,"28":4,"29":4,"30":4,"31":4,"32":1,"33":1,"34":1,"35":7,"36":7,"37":7,"38":2,"39":2,"40":5,"41":7,"42":1,"43":1,"44":4,"45":4,"46":4},"branchMap":{"0":{"type":"branch","line":8,"loc":{"start":{"line":8,"column":58},"end":{"line":16,"column":1}},"locations":[{"start":{"line":8,"column":58},"end":{"line":16,"column":1}}]},"1":{"type":"branch","line":9,"loc":{"start":{"line":9,"column":35},"end":{"line":9,"column":48}},"locations":[{"start":{"line":9,"column":35},"end":{"line":9,"column":48}}]},"2":{"type":"branch","line":11,"loc":{"start":{"line":11,"column":19},"end":{"line":13,"column":5}},"locations":[{"start":{"line":11,"column":19},"end":{"line":13,"column":5}}]},"3":{"type":"branch","line":13,"loc":{"start":{"line":13,"column":4},"end":{"line":16,"column":1}},"locations":[{"start":{"line":13,"column":4},"end":{"line":16,"column":1}}]},"4":{"type":"branch","line":19,"loc":{"start":{"line":19,"column":25},"end":{"line":32,"column":1}},"locations":[{"start":{"line":19,"column":25},"end":{"line":32,"column":1}}]},"5":{"type":"branch","line":20,"loc":{"start":{"line":20,"column":54},"end":{"line":20,"column":67}},"locations":[{"start":{"line":20,"column":54},"end":{"line":20,"column":67}}]},"6":{"type":"branch","line":22,"loc":{"start":{"line":22,"column":19},"end":{"line":24,"column":5}},"locations":[{"start":{"line":22,"column":19},"end":{"line":24,"column":5}}]},"7":{"type":"branch","line":24,"loc":{"start":{"line":24,"column":4},"end":{"line":26,"column":27}},"locations":[{"start":{"line":24,"column":4},"end":{"line":26,"column":27}}]},"8":{"type":"branch","line":26,"loc":{"start":{"line":26,"column":27},"end":{"line":28,"column":5}},"locations":[{"start":{"line":26,"column":27},"end":{"line":28,"column":5}}]},"9":{"type":"branch","line":28,"loc":{"start":{"line":28,"column":4},"end":{"line":32,"column":1}},"locations":[{"start":{"line":28,"column":4},"end":{"line":32,"column":1}}]},"10":{"type":"branch","line":35,"loc":{"start":{"line":35,"column":27},"end":{"line":47,"column":1}},"locations":[{"start":{"line":35,"column":27},"end":{"line":47,"column":1}}]},"11":{"type":"branch","line":36,"loc":{"start":{"line":36,"column":33},"end":{"line":36,"column":46}},"locations":[{"start":{"line":36,"column":33},"end":{"line":36,"column":46}}]},"12":{"type":"branch","line":38,"loc":{"start":{"line":38,"column":12},"end":{"line":38,"column":26}},"locations":[{"start":{"line":38,"column":12},"end":{"line":38,"column":26}}]},"13":{"type":"branch","line":38,"loc":{"start":{"line":38,"column":26},"end":{"line":40,"column":3}},"locations":[{"start":{"line":38,"column":26},"end":{"line":40,"column":3}}]},"14":{"type":"branch","line":40,"loc":{"start":{"line":40,"column":2},"end":{"line":42,"column":17}},"locations":[{"start":{"line":40,"column":2},"end":{"line":42,"column":17}}]},"15":{"type":"branch","line":42,"loc":{"start":{"line":42,"column":17},"end":{"line":44,"column":3}},"locations":[{"start":{"line":42,"column":17},"end":{"line":44,"column":3}}]},"16":{"type":"branch","line":44,"loc":{"start":{"line":44,"column":2},"end":{"line":47,"column":1}},"locations":[{"start":{"line":44,"column":2},"end":{"line":47,"column":1}}]}},"b":{"0":[23],"1":[1],"2":[1],"3":[22],"4":[6],"5":[1],"6":[1],"7":[5],"8":[1],"9":[4],"10":[7],"11":[1],"12":[6],"13":[2],"14":[5],"15":[1],"16":[4]},"fnMap":{"0":{"name":"mockInt","decl":{"start":{"line":8,"column":58},"end":{"line":16,"column":1}},"loc":{"start":{"line":8,"column":58},"end":{"line":16,"column":1}},"line":8},"1":{"name":"mockFloat","decl":{"start":{"line":19,"column":25},"end":{"line":32,"column":1}},"loc":{"start":{"line":19,"column":25},"end":{"line":32,"column":1}},"line":19},"2":{"name":"mockNatural","decl":{"start":{"line":35,"column":27},"end":{"line":47,"column":1}},"loc":{"start":{"line":35,"column":27},"end":{"line":47,"column":1}},"line":35}},"f":{"0":23,"1":6,"2":7}}
,"E:\\丰羽计划\\fy\\fy\\src\\base\\string.ts": {"path":"E:\\丰羽计划\\fy\\fy\\src\\base\\string.ts","all":false,"statementMap":{"0":{"start":{"line":1,"column":0},"end":{"line":1,"column":23}},"1":{"start":{"line":2,"column":0},"end":{"line":2,"column":19}},"2":{"start":{"line":3,"column":0},"end":{"line":3,"column":18}},"3":{"start":{"line":4,"column":0},"end":{"line":4,"column":1}},"4":{"start":{"line":5,"column":0},"end":{"line":5,"column":0}},"5":{"start":{"line":6,"column":0},"end":{"line":6,"column":62}},"6":{"start":{"line":7,"column":0},"end":{"line":7,"column":11}},"7":{"start":{"line":8,"column":0},"end":{"line":8,"column":20}},"8":{"start":{"line":9,"column":0},"end":{"line":9,"column":81}},"9":{"start":{"line":10,"column":0},"end":{"line":10,"column":21}},"10":{"start":{"line":11,"column":0},"end":{"line":11,"column":0}},"11":{"start":{"line":12,"column":0},"end":{"line":12,"column":21}},"12":{"start":{"line":13,"column":0},"end":{"line":13,"column":40}},"13":{"start":{"line":14,"column":0},"end":{"line":14,"column":5}},"14":{"start":{"line":15,"column":0},"end":{"line":15,"column":0}},"15":{"start":{"line":16,"column":0},"end":{"line":16,"column":25}},"16":{"start":{"line":17,"column":0},"end":{"line":17,"column":23}},"17":{"start":{"line":18,"column":0},"end":{"line":18,"column":15}},"18":{"start":{"line":19,"column":0},"end":{"line":19,"column":5}},"19":{"start":{"line":20,"column":0},"end":{"line":20,"column":0}},"20":{"start":{"line":21,"column":0},"end":{"line":21,"column":16}},"21":{"start":{"line":22,"column":0},"end":{"line":22,"column":38}},"22":{"start":{"line":23,"column":0},"end":{"line":23,"column":62}},"23":{"start":{"line":24,"column":0},"end":{"line":24,"column":27}},"24":{"start":{"line":25,"column":0},"end":{"line":25,"column":5}},"25":{"start":{"line":26,"column":0},"end":{"line":26,"column":14}},"26":{"start":{"line":27,"column":0},"end":{"line":27,"column":1}}},"s":{"0":1,"1":1,"2":1,"3":1,"4":1,"5":1,"6":33,"7":33,"8":33,"9":33,"10":33,"11":33,"12":1,"13":1,"14":32,"15":32,"16":33,"17":1,"18":1,"19":31,"20":31,"21":33,"22":272,"23":272,"24":272,"25":31,"26":31},"branchMap":{"0":{"type":"branch","line":6,"loc":{"start":{"line":6,"column":61},"end":{"line":27,"column":1}},"locations":[{"start":{"line":6,"column":61},"end":{"line":27,"column":1}}]},"1":{"type":"branch","line":10,"loc":{"start":{"line":10,"column":8},"end":{"line":10,"column":21}},"locations":[{"start":{"line":10,"column":8},"end":{"line":10,"column":21}}]},"2":{"type":"branch","line":12,"loc":{"start":{"line":12,"column":20},"end":{"line":14,"column":5}},"locations":[{"start":{"line":12,"column":20},"end":{"line":14,"column":5}}]},"3":{"type":"branch","line":14,"loc":{"start":{"line":14,"column":4},"end":{"line":17,"column":22}},"locations":[{"start":{"line":14,"column":4},"end":{"line":17,"column":22}}]},"4":{"type":"branch","line":17,"loc":{"start":{"line":17,"column":22},"end":{"line":19,"column":5}},"locations":[{"start":{"line":17,"column":22},"end":{"line":19,"column":5}}]},"5":{"type":"branch","line":19,"loc":{"start":{"line":19,"column":4},"end":{"line":22,"column":37}},"locations":[{"start":{"line":19,"column":4},"end":{"line":22,"column":37}}]},"6":{"type":"branch","line":22,"loc":{"start":{"line":22,"column":37},"end":{"line":25,"column":5}},"locations":[{"start":{"line":22,"column":37},"end":{"line":25,"column":5}}]},"7":{"type":"branch","line":25,"loc":{"start":{"line":25,"column":4},"end":{"line":27,"column":1}},"locations":[{"start":{"line":25,"column":4},"end":{"line":27,"column":1}}]}},"b":{"0":[33],"1":[1],"2":[1],"3":[32],"4":[1],"5":[31],"6":[272],"7":[31]},"fnMap":{"0":{"name":"mockString","decl":{"start":{"line":6,"column":61},"end":{"line":27,"column":1}},"loc":{"start":{"line":6,"column":61},"end":{"line":27,"column":1}},"line":6}},"f":{"0":33}}
,"E:\\丰羽计划\\fy\\fy\\src\\utils\\index.ts": {"path":"E:\\丰羽计划\\fy\\fy\\src\\utils\\index.ts","all":false,"statementMap":{"0":{"start":{"line":1,"column":0},"end":{"line":1,"column":45}},"1":{"start":{"line":2,"column":0},"end":{"line":2,"column":29}},"2":{"start":{"line":3,"column":0},"end":{"line":3,"column":19}},"3":{"start":{"line":4,"column":0},"end":{"line":4,"column":22}},"4":{"start":{"line":5,"column":0},"end":{"line":5,"column":22}},"5":{"start":{"line":6,"column":0},"end":{"line":6,"column":23}},"6":{"start":{"line":7,"column":0},"end":{"line":7,"column":25}},"7":{"start":{"line":8,"column":0},"end":{"line":8,"column":22}},"8":{"start":{"line":9,"column":0},"end":{"line":9,"column":23}},"9":{"start":{"line":10,"column":0},"end":{"line":10,"column":22}},"10":{"start":{"line":11,"column":0},"end":{"line":11,"column":39}},"11":{"start":{"line":12,"column":0},"end":{"line":12,"column":30}},"12":{"start":{"line":13,"column":0},"end":{"line":13,"column":47}},"13":{"start":{"line":14,"column":0},"end":{"line":14,"column":29}},"14":{"start":{"line":15,"column":0},"end":{"line":15,"column":40}},"15":{"start":{"line":16,"column":0},"end":{"line":16,"column":29}},"16":{"start":{"line":17,"column":0},"end":{"line":17,"column":20}},"17":{"start":{"line":18,"column":0},"end":{"line":18,"column":31}},"18":{"start":{"line":19,"column":0},"end":{"line":19,"column":13}},"19":{"start":{"line":20,"column":0},"end":{"line":20,"column":24}},"20":{"start":{"line":21,"column":0},"end":{"line":21,"column":29}},"21":{"start":{"line":22,"column":0},"end":{"line":22,"column":16}},"22":{"start":{"line":23,"column":0},"end":{"line":23,"column":28}},"23":{"start":{"line":24,"column":0},"end":{"line":24,"column":5}},"24":{"start":{"line":25,"column":0},"end":{"line":25,"column":1}}},"s":{"0":1,"1":162,"2":162,"3":162,"4":162,"5":162,"6":162,"7":162,"8":131,"9":162,"10":29,"11":10,"12":29,"13":1,"14":19,"15":4,"16":17,"17":14,"18":14,"19":162,"20":1,"21":162,"22":1,"23":162,"24":162},"branchMap":{"0":{"type":"branch","line":1,"loc":{"start":{"line":1,"column":44},"end":{"line":25,"column":1}},"locations":[{"start":{"line":1,"column":44},"end":{"line":25,"column":1}}]},"1":{"type":"branch","line":4,"loc":{"start":{"line":4,"column":8},"end":{"line":4,"column":22}},"locations":[{"start":{"line":4,"column":8},"end":{"line":4,"column":22}}]},"2":{"type":"branch","line":5,"loc":{"start":{"line":5,"column":8},"end":{"line":5,"column":22}},"locations":[{"start":{"line":5,"column":8},"end":{"line":5,"column":22}}]},"3":{"type":"branch","line":6,"loc":{"start":{"line":6,"column":8},"end":{"line":6,"column":23}},"locations":[{"start":{"line":6,"column":8},"end":{"line":6,"column":23}}]},"4":{"type":"branch","line":7,"loc":{"start":{"line":7,"column":8},"end":{"line":7,"column":25}},"locations":[{"start":{"line":7,"column":8},"end":{"line":7,"column":25}}]},"5":{"type":"branch","line":8,"loc":{"start":{"line":8,"column":8},"end":{"line":9,"column":23}},"locations":[{"start":{"line":8,"column":8},"end":{"line":9,"column":23}}]},"6":{"type":"branch","line":10,"loc":{"start":{"line":10,"column":8},"end":{"line":19,"column":13}},"locations":[{"start":{"line":10,"column":8},"end":{"line":19,"column":13}}]},"7":{"type":"branch","line":11,"loc":{"start":{"line":11,"column":38},"end":{"line":13,"column":23}},"locations":[{"start":{"line":11,"column":38},"end":{"line":13,"column":23}}]},"8":{"type":"branch","line":13,"loc":{"start":{"line":13,"column":12},"end":{"line":19,"column":13}},"locations":[{"start":{"line":13,"column":12},"end":{"line":19,"column":13}}]},"9":{"type":"branch","line":13,"loc":{"start":{"line":13,"column":46},"end":{"line":15,"column":23}},"locations":[{"start":{"line":13,"column":46},"end":{"line":15,"column":23}}]},"10":{"type":"branch","line":15,"loc":{"start":{"line":15,"column":12},"end":{"line":19,"column":13}},"locations":[{"start":{"line":15,"column":12},"end":{"line":19,"column":13}}]},"11":{"type":"branch","line":15,"loc":{"start":{"line":15,"column":39},"end":{"line":19,"column":13}},"locations":[{"start":{"line":15,"column":39},"end":{"line":19,"column":13}}]},"12":{"type":"branch","line":15,"loc":{"start":{"line":15,"column":39},"end":{"line":17,"column":19}},"locations":[{"start":{"line":15,"column":39},"end":{"line":17,"column":19}}]},"13":{"type":"branch","line":17,"loc":{"start":{"line":17,"column":12},"end":{"line":19,"column":13}},"locations":[{"start":{"line":17,"column":12},"end":{"line":19,"column":13}}]},"14":{"type":"branch","line":20,"loc":{"start":{"line":20,"column":8},"end":{"line":21,"column":29}},"locations":[{"start":{"line":20,"column":8},"end":{"line":21,"column":29}}]},"15":{"type":"branch","line":22,"loc":{"start":{"line":22,"column":8},"end":{"line":23,"column":28}},"locations":[{"start":{"line":22,"column":8},"end":{"line":23,"column":28}}]}},"b":{"0":[162],"1":[1],"2":[128],"3":[129],"4":[130],"5":[131],"6":[29],"7":[10],"8":[19],"9":[1],"10":[18],"11":[17],"12":[4],"13":[14],"14":[1],"15":[1]},"fnMap":{"0":{"name":"getType","decl":{"start":{"line":1,"column":44},"end":{"line":25,"column":1}},"loc":{"start":{"line":1,"column":44},"end":{"line":25,"column":1}},"line":1}},"f":{"0":162}}
}
